\BOOKMARK [1][-]{section.1}{Simplistic JavaScript 1}{}% 1
\BOOKMARK [2][-]{subsection.1.1}{Command-line based programming}{section.1}% 2
\BOOKMARK [2][-]{subsection.1.2}{Plunker}{section.1}% 3
\BOOKMARK [2][-]{subsection.1.3}{Electron}{section.1}% 4
\BOOKMARK [2][-]{subsection.1.4}{Meteor}{section.1}% 5
\BOOKMARK [2][-]{subsection.1.5}{Coding in JavaScript}{section.1}% 6
\BOOKMARK [3][-]{subsubsection.1.5.1}{Variables}{subsection.1.5}% 7
\BOOKMARK [3][-]{subsubsection.1.5.2}{Global variable, function, Operators}{subsection.1.5}% 8
\BOOKMARK [3][-]{subsubsection.1.5.3}{Simple function}{subsection.1.5}% 9
\BOOKMARK [3][-]{subsubsection.1.5.4}{Variables and block code}{subsection.1.5}% 10
\BOOKMARK [3][-]{subsubsection.1.5.5}{Type of primitive data}{subsection.1.5}% 11
\BOOKMARK [3][-]{subsubsection.1.5.6}{Undefined and Null}{subsection.1.5}% 12
\BOOKMARK [3][-]{subsubsection.1.5.7}{Data containers}{subsection.1.5}% 13
\BOOKMARK [3][-]{subsubsection.1.5.8}{Blackjack project \(PluralSight\)}{subsection.1.5}% 14
\BOOKMARK [1][-]{section.2}{Functions}{}% 15
\BOOKMARK [1][-]{section.3}{Objects}{}% 16
\BOOKMARK [2][-]{subsection.3.1}{Create an Object}{section.3}% 17
\BOOKMARK [2][-]{subsection.3.2}{Access an Object}{section.3}% 18
\BOOKMARK [2][-]{subsection.3.3}{Parsing an object into a function}{section.3}% 19
\BOOKMARK [2][-]{subsection.3.4}{Arrays of Objects}{section.3}% 20
\BOOKMARK [2][-]{subsection.3.5}{Built-in Objects}{section.3}% 21
\BOOKMARK [2][-]{subsection.3.6}{Math Object}{section.3}% 22
\BOOKMARK [2][-]{subsection.3.7}{Math truncate}{section.3}% 23
\BOOKMARK [2][-]{subsection.3.8}{Date Object}{section.3}% 24
\BOOKMARK [2][-]{subsection.3.9}{toDateString\(\)}{section.3}% 25
\BOOKMARK [1][-]{section.4}{Programming for web pages}{}% 26
\BOOKMARK [2][-]{subsection.4.1}{DOM}{section.4}% 27
\BOOKMARK [2][-]{subsection.4.2}{Programming the DOM}{section.4}% 28
\BOOKMARK [2][-]{subsection.4.3}{Accessing DOM objects using an external file}{section.4}% 29
\BOOKMARK [2][-]{subsection.4.4}{Handling Buttons}{section.4}% 30
\BOOKMARK [2][-]{subsection.4.5}{Manipulating DOM object styles}{section.4}% 31
